Using pre-set license
Built from '2022.3/staging' branch; Version is '2022.3.9f1 (ea401c316338) revision 15351836'; Using compiler version '192829333'; Build Type 'Release'
OS: 'Windows 11  (10.0.22621) 64bit Core' Language: 'en' Physical Memory: 32389 MB
BatchMode: 1, IsHumanControllingUs: 0, StartBugReporterOnCrash: 0, Is64bit: 1, IsPro: 1

COMMAND LINE ARGUMENTS:
C:\Program Files\Unity\Hub\Editor\2022.3.9f1\Editor\Unity.exe
-adb2
-batchMode
-noUpm
-name
AssetImportWorker2
-projectPath
C:/Users/engin/Documents/Uni work/Ai&Anims/AI&AnimsLab
-logFile
Logs/AssetImportWorker2.log
-srvPort
55043
Successfully changed project path to: C:/Users/engin/Documents/Uni work/Ai&Anims/AI&AnimsLab
C:/Users/engin/Documents/Uni work/Ai&Anims/AI&AnimsLab
[UnityMemory] Configuration Parameters - Can be set up in boot.config
    "memorysetup-bucket-allocator-granularity=16"
    "memorysetup-bucket-allocator-bucket-count=8"
    "memorysetup-bucket-allocator-block-size=33554432"
    "memorysetup-bucket-allocator-block-count=8"
    "memorysetup-main-allocator-block-size=16777216"
    "memorysetup-thread-allocator-block-size=16777216"
    "memorysetup-gfx-main-allocator-block-size=16777216"
    "memorysetup-gfx-thread-allocator-block-size=16777216"
    "memorysetup-cache-allocator-block-size=4194304"
    "memorysetup-typetree-allocator-block-size=2097152"
    "memorysetup-profiler-bucket-allocator-granularity=16"
    "memorysetup-profiler-bucket-allocator-bucket-count=8"
    "memorysetup-profiler-bucket-allocator-block-size=33554432"
    "memorysetup-profiler-bucket-allocator-block-count=8"
    "memorysetup-profiler-allocator-block-size=16777216"
    "memorysetup-profiler-editor-allocator-block-size=1048576"
    "memorysetup-temp-allocator-size-main=16777216"
    "memorysetup-job-temp-allocator-block-size=2097152"
    "memorysetup-job-temp-allocator-block-size-background=1048576"
    "memorysetup-job-temp-allocator-reduction-small-platforms=262144"
    "memorysetup-allocator-temp-initial-block-size-main=262144"
    "memorysetup-allocator-temp-initial-block-size-worker=262144"
    "memorysetup-temp-allocator-size-background-worker=32768"
    "memorysetup-temp-allocator-size-job-worker=262144"
    "memorysetup-temp-allocator-size-preload-manager=33554432"
    "memorysetup-temp-allocator-size-nav-mesh-worker=65536"
    "memorysetup-temp-allocator-size-audio-worker=65536"
    "memorysetup-temp-allocator-size-cloud-worker=32768"
    "memorysetup-temp-allocator-size-gi-baking-worker=262144"
    "memorysetup-temp-allocator-size-gfx=262144"
Player connection [3368] Host "[IP] 192.168.2.19 [Port] 0 [Flags] 2 [Guid] 1823287983 [EditorId] 1823287983 [Version] 1048832 [Id] WindowsEditor(7,ASUS-TUF-F15) [Debug] 1 [PackageName] WindowsEditor [ProjectName] Editor" joined multi-casting on [225.0.0.222:54997]...

Player connection [3368] Host "[IP] 192.168.2.19 [Port] 0 [Flags] 2 [Guid] 1823287983 [EditorId] 1823287983 [Version] 1048832 [Id] WindowsEditor(7,ASUS-TUF-F15) [Debug] 1 [PackageName] WindowsEditor [ProjectName] Editor" joined alternative multi-casting on [225.0.0.222:34997]...

[Physics::Module] Initialized MultithreadedJobDispatcher with 11 workers.
Refreshing native plugins compatible for Editor in 13.82 ms, found 3 plugins.
Preloading 0 native plugins for Editor in 0.00 ms.
Initialize engine version: 2022.3.9f1 (ea401c316338)
[Subsystems] Discovering subsystems at path C:/Program Files/Unity/Hub/Editor/2022.3.9f1/Editor/Data/Resources/UnitySubsystems
[Subsystems] Discovering subsystems at path C:/Users/engin/Documents/Uni work/Ai&Anims/AI&AnimsLab/Assets
GfxDevice: creating device client; threaded=0; jobified=0
Direct3D:
    Version:  Direct3D 11.0 [level 11.1]
    Renderer: NVIDIA GeForce RTX 3050 Laptop GPU (ID=0x25a2)
    Vendor:   NVIDIA
    VRAM:     3977 MB
    Driver:   31.0.15.3713
Initialize mono
Mono path[0] = 'C:/Program Files/Unity/Hub/Editor/2022.3.9f1/Editor/Data/Managed'
Mono path[1] = 'C:/Program Files/Unity/Hub/Editor/2022.3.9f1/Editor/Data/MonoBleedingEdge/lib/mono/unityjit-win32'
Mono config path = 'C:/Program Files/Unity/Hub/Editor/2022.3.9f1/Editor/Data/MonoBleedingEdge/etc'
Using monoOptions --debugger-agent=transport=dt_socket,embedding=1,server=y,suspend=n,address=127.0.0.1:56696
Begin MonoManager ReloadAssembly
Registering precompiled unity dll's ...
Register platform support module: C:/Program Files/Unity/Hub/Editor/2022.3.9f1/Editor/Data/PlaybackEngines/WindowsStandaloneSupport/UnityEditor.WindowsStandalone.Extensions.dll
Registered in 0.010317 seconds.
- Loaded All Assemblies, in  0.490 seconds
Native extension for WindowsStandalone target not found
Mono: successfully reloaded assembly
- Finished resetting the current domain, in  0.411 seconds
Domain Reload Profiling: 899ms
	BeginReloadAssembly (154ms)
		ExecutionOrderSort (0ms)
		DisableScriptedObjects (0ms)
		BackupInstance (0ms)
		ReleaseScriptingObjects (0ms)
		CreateAndSetChildDomain (1ms)
	RebuildCommonClasses (45ms)
	RebuildNativeTypeToScriptingClass (14ms)
	initialDomainReloadingComplete (84ms)
	LoadAllAssembliesAndSetupDomain (191ms)
		LoadAssemblies (152ms)
		RebuildTransferFunctionScriptingTraits (0ms)
		AnalyzeDomain (188ms)
			TypeCache.Refresh (186ms)
				TypeCache.ScanAssembly (170ms)
			ScanForSourceGeneratedMonoScriptInfo (0ms)
			ResolveRequiredComponents (0ms)
	FinalizeReload (412ms)
		ReleaseScriptCaches (0ms)
		RebuildScriptCaches (0ms)
		SetupLoadedEditorAssemblies (317ms)
			LogAssemblyErrors (0ms)
			InitializePlatformSupportModulesInManaged (14ms)
			SetLoadedEditorAssemblies (10ms)
			RefreshPlugins (0ms)
			BeforeProcessingInitializeOnLoad (5ms)
			ProcessInitializeOnLoadAttributes (212ms)
			ProcessInitializeOnLoadMethodAttributes (77ms)
			AfterProcessingInitializeOnLoad (0ms)
			EditorAssembliesLoaded (0ms)
		ExecutionOrderSort2 (0ms)
		AwakeInstancesAfterBackupRestoration (0ms)
========================================================================
Worker process is ready to serve import requests
Begin MonoManager ReloadAssembly
- Loaded All Assemblies, in  0.826 seconds
Refreshing native plugins compatible for Editor in 4.92 ms, found 3 plugins.
Native extension for WindowsStandalone target not found
Package Manager log level set to [2]
[Package Manager] Server::EnsureServerProcessIsRunning -- launch failed, reason: Unity was launched with the -noUpm command-line argument
[Package Manager] UpmClient::Send -- Unable to send message (not connected to UPM process).
[Package Manager] Cannot connect to Unity Package Manager local server
Mono: successfully reloaded assembly
- Finished resetting the current domain, in  0.935 seconds
Domain Reload Profiling: 1759ms
	BeginReloadAssembly (203ms)
		ExecutionOrderSort (0ms)
		DisableScriptedObjects (8ms)
		BackupInstance (0ms)
		ReleaseScriptingObjects (0ms)
		CreateAndSetChildDomain (29ms)
	RebuildCommonClasses (45ms)
	RebuildNativeTypeToScriptingClass (14ms)
	initialDomainReloadingComplete (61ms)
	LoadAllAssembliesAndSetupDomain (501ms)
		LoadAssemblies (385ms)
		RebuildTransferFunctionScriptingTraits (0ms)
		AnalyzeDomain (233ms)
			TypeCache.Refresh (203ms)
				TypeCache.ScanAssembly (184ms)
			ScanForSourceGeneratedMonoScriptInfo (23ms)
			ResolveRequiredComponents (5ms)
	FinalizeReload (936ms)
		ReleaseScriptCaches (0ms)
		RebuildScriptCaches (0ms)
		SetupLoadedEditorAssemblies (716ms)
			LogAssemblyErrors (0ms)
			InitializePlatformSupportModulesInManaged (7ms)
			SetLoadedEditorAssemblies (5ms)
			RefreshPlugins (0ms)
			BeforeProcessingInitializeOnLoad (86ms)
			ProcessInitializeOnLoadAttributes (589ms)
			ProcessInitializeOnLoadMethodAttributes (22ms)
			AfterProcessingInitializeOnLoad (6ms)
			EditorAssembliesLoaded (0ms)
		ExecutionOrderSort2 (0ms)
		AwakeInstancesAfterBackupRestoration (7ms)
Launched and connected shader compiler UnityShaderCompiler.exe after 0.04 seconds
Refreshing native plugins compatible for Editor in 3.49 ms, found 3 plugins.
Preloading 0 native plugins for Editor in 0.00 ms.
Unloading 3117 Unused Serialized files (Serialized files now loaded: 0)
Unloading 31 unused Assets / (56.3 KB). Loaded Objects now: 3580.
Memory consumption went from 115.9 MB to 115.8 MB.
Total: 5.119500 ms (FindLiveObjects: 0.436300 ms CreateObjectMapping: 0.120800 ms MarkObjects: 4.351300 ms  DeleteObjects: 0.208800 ms)

AssetImportParameters requested are different than current active one (requested -> active):
  custom:container-demuxer-ogg: 62fdf1f143b41e24485cea50d1cbac27 -> 
  custom:video-codec-MediaFoundation-h265: 746d11721c4dcdbdad8f713fa42b33f4 -> 
  custom:video-decoder-ogg-theora: a1e56fd34408186e4bbccfd4996cb3dc -> 
  custom:framework-win-MediaFoundation: 216162199b28c13a410421893ffa2e32 -> 
  custom:container-demuxer-webm: 4f35f7cbe854078d1ac9338744f61a02 -> 
  custom:container-muxer-webm: aa71ff27fc2769a1b78a27578f13a17b -> 
  custom:video-decoder-webm-vp8: 9c59270c3fd7afecdb556c50c9e8de78 -> 
  custom:AudioImporter_EditorPlatform: d09bf68614088b80899f8185d706f6e7 -> 
  custom:video-encoder-webm-vp8: eb34c28f22e8b96e1ab97ce403110664 -> 
  custom:audio-decoder-ogg-vorbis: bf7c407c2cedff20999df2af8eb42d56 -> 
  custom:audio-encoder-webm-vorbis: bf7c407c2cedff20999df2af8eb42d56 -> 
========================================================================
Received Import Request.
  Time since last request: 24668.228043 seconds.
  path: Assets/AurynSky/Gems Ultimate Pack/Scripts
  artifactKey: Guid(312e227292ca3a2438c1eb6bb6b3213f) Importer(815301076,1909f56bfc062723c751e8b465ee728b)
Start importing Assets/AurynSky/Gems Ultimate Pack/Scripts using Guid(312e227292ca3a2438c1eb6bb6b3213f) Importer(815301076,1909f56bfc062723c751e8b465ee728b)  -> (artifact id: '1558b514ef7106d21c605770e6a40195') in 0.004302 seconds
Number of updated asset objects reloaded before import = 0
Number of asset objects unloaded after import = 0
========================================================================
Received Import Request.
  Time since last request: 16.830558 seconds.
  path: Assets/TimeLine/Main CameraTimeline.playable
  artifactKey: Guid(baf82e6bca9d6ef4c8d44c493db7cc21) Importer(815301076,1909f56bfc062723c751e8b465ee728b)
Start importing Assets/TimeLine/Main CameraTimeline.playable using Guid(baf82e6bca9d6ef4c8d44c493db7cc21) Importer(815301076,1909f56bfc062723c751e8b465ee728b)  -> (artifact id: 'da75ef79f75a252b3291cbf129ced64d') in 0.027249 seconds
Number of updated asset objects reloaded before import = 0
Number of asset objects unloaded after import = 14
========================================================================
Received Import Request.
  Time since last request: 9.855338 seconds.
  path: Assets/RPGHero/Textures
  artifactKey: Guid(96bfcd2d828054f40aea2e9ca3dcc1dc) Importer(815301076,1909f56bfc062723c751e8b465ee728b)
Start importing Assets/RPGHero/Textures using Guid(96bfcd2d828054f40aea2e9ca3dcc1dc) Importer(815301076,1909f56bfc062723c751e8b465ee728b)  -> (artifact id: 'b6e7a0e5937b040c5fe71511d1c7034b') in 0.001878 seconds
Number of updated asset objects reloaded before import = 0
Number of asset objects unloaded after import = 0
========================================================================
Received Import Request.
  Time since last request: 3.296514 seconds.
  path: Assets/RPGHero/Textures/HandPaintedTexture.png
  artifactKey: Guid(56cd14cc867c3f247ad4dab4f1e47413) Importer(815301076,1909f56bfc062723c751e8b465ee728b)
Start importing Assets/RPGHero/Textures/HandPaintedTexture.png using Guid(56cd14cc867c3f247ad4dab4f1e47413) Importer(815301076,1909f56bfc062723c751e8b465ee728b)  -> (artifact id: '868c5794005f16d9c3dede7f68de9b79') in 0.125539 seconds
Number of updated asset objects reloaded before import = 0
Number of asset objects unloaded after import = 2
========================================================================
Received Import Request.
  Time since last request: 1.655016 seconds.
  path: Assets/RPGHero/Meshes
  artifactKey: Guid(c241ccf12f2a2c043a2d58193b8abcf0) Importer(815301076,1909f56bfc062723c751e8b465ee728b)
Start importing Assets/RPGHero/Meshes using Guid(c241ccf12f2a2c043a2d58193b8abcf0) Importer(815301076,1909f56bfc062723c751e8b465ee728b)  -> (artifact id: '26856b97261dbabe24419c7c8ad78b8e') in 0.001305 seconds
Number of updated asset objects reloaded before import = 0
Number of asset objects unloaded after import = 0
========================================================================
Received Import Request.
  Time since last request: 0.058774 seconds.
  path: Assets/RPGHero/Meshes/NewFreeRPGHero.fbx
  artifactKey: Guid(9ce6002518e821e43b4f97c76700fbac) Importer(815301076,1909f56bfc062723c751e8b465ee728b)
Start importing Assets/RPGHero/Meshes/NewFreeRPGHero.fbx using Guid(9ce6002518e821e43b4f97c76700fbac) Importer(815301076,1909f56bfc062723c751e8b465ee728b)  -> (artifact id: '7d6a2ced0614ef9e2c4c5981eeda75f0') in 0.145450 seconds
Number of updated asset objects reloaded before import = 0
Number of asset objects unloaded after import = 136
========================================================================
Received Import Request.
  Time since last request: 1.393981 seconds.
  path: Assets/RPGHero/Prefabs/RPGHeroHP.prefab
  artifactKey: Guid(c20397bf1592dc040b827e8716b0bd41) Importer(815301076,1909f56bfc062723c751e8b465ee728b)
Start importing Assets/RPGHero/Prefabs/RPGHeroHP.prefab using Guid(c20397bf1592dc040b827e8716b0bd41) Importer(815301076,1909f56bfc062723c751e8b465ee728b)  -> (artifact id: '33de42ab223c9b5cda4c7e99c15bc73e') in 0.073576 seconds
Number of updated asset objects reloaded before import = 0
Number of asset objects unloaded after import = 162
========================================================================
Received Import Request.
  Time since last request: 6.115543 seconds.
  path: Assets/FreeDragons/Materials
  artifactKey: Guid(05c1ffad7c949de45bc9b6664fb58d2d) Importer(815301076,1909f56bfc062723c751e8b465ee728b)
Start importing Assets/FreeDragons/Materials using Guid(05c1ffad7c949de45bc9b6664fb58d2d) Importer(815301076,1909f56bfc062723c751e8b465ee728b)  -> (artifact id: '3781b4f5a528fdd112cab7afcd2e46de') in 0.002272 seconds
Number of updated asset objects reloaded before import = 0
Number of asset objects unloaded after import = 0
========================================================================
Received Import Request.
  Time since last request: 0.068443 seconds.
  path: Assets/FreeDragons/Materials/Skybox_Mat.mat
  artifactKey: Guid(03fa2b9871fd84540a5f7f3697104c30) Importer(815301076,1909f56bfc062723c751e8b465ee728b)
Start importing Assets/FreeDragons/Materials/Skybox_Mat.mat using Guid(03fa2b9871fd84540a5f7f3697104c30) Importer(815301076,1909f56bfc062723c751e8b465ee728b)  -> (artifact id: '1d8a2fc022b1eedf2a3eebc70f859f4a') in 0.147835 seconds
Number of updated asset objects reloaded before import = 0
Number of asset objects unloaded after import = 1
========================================================================
Received Import Request.
  Time since last request: 1.619407 seconds.
  path: Assets/FreeDragons/Materials/DragonSoulEater
  artifactKey: Guid(65e52724438f3c14fbf3c6fda9eee6d7) Importer(815301076,1909f56bfc062723c751e8b465ee728b)
Start importing Assets/FreeDragons/Materials/DragonSoulEater using Guid(65e52724438f3c14fbf3c6fda9eee6d7) Importer(815301076,1909f56bfc062723c751e8b465ee728b)  -> (artifact id: '58851c1634e23d7b90e8647a87ee046c') in 0.001726 seconds
Number of updated asset objects reloaded before import = 0
Number of asset objects unloaded after import = 0
========================================================================
Received Prepare
Refreshing native plugins compatible for Editor in 5.06 ms, found 3 plugins.
Preloading 0 native plugins for Editor in 0.00 ms.
Unloading 0 Unused Serialized files (Serialized files now loaded: 0)
Unloading 0 unused Assets / (0 B). Loaded Objects now: 3628.
Memory consumption went from 73.2 MB to 73.2 MB.
Total: 4.784000 ms (FindLiveObjects: 0.330000 ms CreateObjectMapping: 0.182100 ms MarkObjects: 4.260200 ms  DeleteObjects: 0.010300 ms)

Prepare: number of updated asset objects reloaded= 0
AssetImportParameters requested are different than current active one (requested -> active):
  custom:container-demuxer-ogg: 62fdf1f143b41e24485cea50d1cbac27 -> 
  custom:video-codec-MediaFoundation-h265: 746d11721c4dcdbdad8f713fa42b33f4 -> 
  custom:video-decoder-ogg-theora: a1e56fd34408186e4bbccfd4996cb3dc -> 
  custom:framework-win-MediaFoundation: 216162199b28c13a410421893ffa2e32 -> 
  custom:CustomObjectIndexerAttribute: 756ad292c208cfabdd7b50bc23989ffe -> 
  custom:container-demuxer-webm: 4f35f7cbe854078d1ac9338744f61a02 -> 
  custom:container-muxer-webm: aa71ff27fc2769a1b78a27578f13a17b -> 
  custom:video-decoder-webm-vp8: 9c59270c3fd7afecdb556c50c9e8de78 -> 
  custom:SearchIndexIgnoredProperties: e643bd26f0fe6173181afceb89e7c659 -> 
  custom:AudioImporter_EditorPlatform: d09bf68614088b80899f8185d706f6e7 -> 
  custom:video-encoder-webm-vp8: eb34c28f22e8b96e1ab97ce403110664 -> 
  custom:audio-decoder-ogg-vorbis: bf7c407c2cedff20999df2af8eb42d56 -> 
  custom:audio-encoder-webm-vorbis: bf7c407c2cedff20999df2af8eb42d56 -> 
========================================================================
Received Import Request.
  Time since last request: 24.389042 seconds.
  path: Assets/CatBorg Studio/3D Dungeon Lowpoly Pack/Textures/K4DvOYlE.png
  artifactKey: Guid(2a374816550955848a2d16082727694c) Importer(815301076,1909f56bfc062723c751e8b465ee728b)
Start importing Assets/CatBorg Studio/3D Dungeon Lowpoly Pack/Textures/K4DvOYlE.png using Guid(2a374816550955848a2d16082727694c) Importer(815301076,1909f56bfc062723c751e8b465ee728b)  -> (artifact id: '1b361510017cf9448df918bbd5368348') in 0.038206 seconds
Number of updated asset objects reloaded before import = 0
Number of asset objects unloaded after import = 3
========================================================================
Received Import Request.
  Time since last request: 1.543169 seconds.
  path: Assets/CatBorg Studio/3D Dungeon Lowpoly Pack/Materials
  artifactKey: Guid(78ac16cfa29e3db45a518152dd9ae685) Importer(815301076,1909f56bfc062723c751e8b465ee728b)
Start importing Assets/CatBorg Studio/3D Dungeon Lowpoly Pack/Materials using Guid(78ac16cfa29e3db45a518152dd9ae685) Importer(815301076,1909f56bfc062723c751e8b465ee728b)  -> (artifact id: '2b97ba35d0a38e6859cab346862e7f88') in 0.000845 seconds
Number of updated asset objects reloaded before import = 0
Number of asset objects unloaded after import = 0
========================================================================
Received Import Request.
  Time since last request: 0.048982 seconds.
  path: Assets/CatBorg Studio/3D Dungeon Lowpoly Pack/Materials/Glass.mat
  artifactKey: Guid(00d936608e1969947b5f410959bad6ab) Importer(815301076,1909f56bfc062723c751e8b465ee728b)
Start importing Assets/CatBorg Studio/3D Dungeon Lowpoly Pack/Materials/Glass.mat using Guid(00d936608e1969947b5f410959bad6ab) Importer(815301076,1909f56bfc062723c751e8b465ee728b)  -> (artifact id: 'f947fccf8381f3b9b2722c04e1710903') in 0.023007 seconds
Number of updated asset objects reloaded before import = 0
Number of asset objects unloaded after import = 1
========================================================================
Received Import Request.
  Time since last request: 4.973572 seconds.
  path: Assets/Scenes/Navmesh
  artifactKey: Guid(4da4a363fc775a240ae4628cadcf6482) Importer(815301076,1909f56bfc062723c751e8b465ee728b)
Start importing Assets/Scenes/Navmesh using Guid(4da4a363fc775a240ae4628cadcf6482) Importer(815301076,1909f56bfc062723c751e8b465ee728b)  -> (artifact id: 'f8012accd5f58f366b7806df45513605') in 0.000869 seconds
Number of updated asset objects reloaded before import = 0
Number of asset objects unloaded after import = 0
========================================================================
Received Import Request.
  Time since last request: 0.072969 seconds.
  path: Assets/Scenes/Navmesh/NavMesh-Ground.asset
  artifactKey: Guid(eba3c5003135c8c43b09edefb50fbda1) Importer(815301076,1909f56bfc062723c751e8b465ee728b)
Start importing Assets/Scenes/Navmesh/NavMesh-Ground.asset using Guid(eba3c5003135c8c43b09edefb50fbda1) Importer(815301076,1909f56bfc062723c751e8b465ee728b)  -> (artifact id: '0c19d75b80c5041d1a865beefcf2082f') in 0.001069 seconds
Number of updated asset objects reloaded before import = 0
Number of asset objects unloaded after import = 1
========================================================================
Received Import Request.
  Time since last request: 0.000647 seconds.
  path: Assets/Scenes/Navmesh/NavMesh-Ground 1.asset
  artifactKey: Guid(70105a5028a0c5d49b89990d072ab34e) Importer(815301076,1909f56bfc062723c751e8b465ee728b)
Start importing Assets/Scenes/Navmesh/NavMesh-Ground 1.asset using Guid(70105a5028a0c5d49b89990d072ab34e) Importer(815301076,1909f56bfc062723c751e8b465ee728b)  -> (artifact id: '5ea3b58c29c028395f1fbfe4564bbffb') in 0.001168 seconds
Number of updated asset objects reloaded before import = 0
Number of asset objects unloaded after import = 1
========================================================================
Received Import Request.
  Time since last request: 10.386079 seconds.
  path: Assets/FreeDragons/Mesh
  artifactKey: Guid(0553ea6024bba774baf76bde78e887fa) Importer(815301076,1909f56bfc062723c751e8b465ee728b)
Start importing Assets/FreeDragons/Mesh using Guid(0553ea6024bba774baf76bde78e887fa) Importer(815301076,1909f56bfc062723c751e8b465ee728b)  -> (artifact id: 'b98f2edc1de36a04dd89626abdef7609') in 0.001927 seconds
Number of updated asset objects reloaded before import = 0
Number of asset objects unloaded after import = 0
========================================================================
Received Import Request.
  Time since last request: 2.073644 seconds.
  path: Assets/FreeDragons/Mesh/DragonBoarMesh.fbx
  artifactKey: Guid(5c658df0d8d544b4c860c0ad70993a2a) Importer(815301076,1909f56bfc062723c751e8b465ee728b)
Start importing Assets/FreeDragons/Mesh/DragonBoarMesh.fbx using Guid(5c658df0d8d544b4c860c0ad70993a2a) Importer(815301076,1909f56bfc062723c751e8b465ee728b)  -> (artifact id: '87e8c4af2378bcaac84296e4c6cce36d') in 0.039285 seconds
Number of updated asset objects reloaded before import = 0
Number of asset objects unloaded after import = 92
========================================================================
Received Import Request.
  Time since last request: 0.000021 seconds.
  path: Assets/FreeDragons/Mesh/DragonUsurperMesh.fbx
  artifactKey: Guid(79b50b34e44b5fd4db1cdc9535a3c86b) Importer(815301076,1909f56bfc062723c751e8b465ee728b)
Start importing Assets/FreeDragons/Mesh/DragonUsurperMesh.fbx using Guid(79b50b34e44b5fd4db1cdc9535a3c86b) Importer(815301076,1909f56bfc062723c751e8b465ee728b)  -> (artifact id: '6dd21a19b129399c527604e25389f6d0') in 0.038927 seconds
Number of updated asset objects reloaded before import = 0
Number of asset objects unloaded after import = 248
========================================================================
Received Import Request.
  Time since last request: 3.491898 seconds.
  path: Assets/FreeDragons/Animators
  artifactKey: Guid(5ad071ae1343c5b4ca58aad5c0ea1099) Importer(815301076,1909f56bfc062723c751e8b465ee728b)
Start importing Assets/FreeDragons/Animators using Guid(5ad071ae1343c5b4ca58aad5c0ea1099) Importer(815301076,1909f56bfc062723c751e8b465ee728b)  -> (artifact id: '353d44c071771f4782afa901e8f32e58') in 0.002015 seconds
Number of updated asset objects reloaded before import = 0
Number of asset objects unloaded after import = 0
========================================================================
Received Import Request.
  Time since last request: 0.961554 seconds.
  path: Assets/FreeDragons/Animations
  artifactKey: Guid(16e415a8dc4a2c14191fdd1286652c36) Importer(815301076,1909f56bfc062723c751e8b465ee728b)
Start importing Assets/FreeDragons/Animations using Guid(16e415a8dc4a2c14191fdd1286652c36) Importer(815301076,1909f56bfc062723c751e8b465ee728b)  -> (artifact id: '29c939f8200c37f00097a2c7e539640a') in 0.002089 seconds
Number of updated asset objects reloaded before import = 0
Number of asset objects unloaded after import = 0
========================================================================
Received Import Request.
  Time since last request: 1.286486 seconds.
  path: Assets/FreeDragons/Texture
  artifactKey: Guid(029cb04ef2736154bb988bdf55c949e8) Importer(815301076,1909f56bfc062723c751e8b465ee728b)
Start importing Assets/FreeDragons/Texture using Guid(029cb04ef2736154bb988bdf55c949e8) Importer(815301076,1909f56bfc062723c751e8b465ee728b)  -> (artifact id: 'cf4391574edb8e9ea425e719e0fee101') in 0.001827 seconds
Number of updated asset objects reloaded before import = 0
Number of asset objects unloaded after import = 0
========================================================================
Received Import Request.
  Time since last request: 0.971785 seconds.
  path: Assets/FreeDragons/Texture/DragonSoulEater
  artifactKey: Guid(021d55eb71a00ef4e9457bc057db0744) Importer(815301076,1909f56bfc062723c751e8b465ee728b)
Start importing Assets/FreeDragons/Texture/DragonSoulEater using Guid(021d55eb71a00ef4e9457bc057db0744) Importer(815301076,1909f56bfc062723c751e8b465ee728b)  -> (artifact id: 'c26009491cee9f4c52474c9f044b9c32') in 0.001885 seconds
Number of updated asset objects reloaded before import = 0
Number of asset objects unloaded after import = 0
